# JRE version: OpenJDK Runtime Environment Temurin-17.0.6+10 (17.0.6+10) (build 17.0.6+10)
# Java VM: OpenJDK 64-Bit Server VM Temurin-17.0.6+10 (17.0.6+10, mixed mode, tiered, compressed oops, compressed class ptrs, g1 gc, windows-amd64)
GC Precious Log:
 CPUs: 8 total, 8 available
 Memory: 3795M
 Large Page Support: Disabled
 NUMA Support: Disabled
 Compressed Oops: Enabled (32-bit)
 Heap Region Size: 1M
 Heap Min Capacity: 8M
 Heap Initial Capacity: 60M
 Heap Max Capacity: 950M
 Pre-touch: Disabled
 Parallel Workers: 8
 Concurrent Workers: 2
 Concurrent Refinement Workers: 8
 Periodic GC: Disabled
Heap:
 garbage-first heap   total 46080K, used 31161K [0x00000000c4a00000, 0x0000000100000000)
  region size 1024K, 14 young (14336K), 3 survivors (3072K)
 Metaspace       used 62310K, committed 62720K, reserved 1105920K
  class space    used 7963K, committed 8128K, reserved 1048576K
GC Heap History (20 events):
Event: 7.241 GC heap before
{Heap before GC invocations=7 (full 0):
 garbage-first heap   total 37888K, used 28039K [0x00000000c4a00000, 0x0000000100000000)
  region size 1024K, 18 young (18432K), 2 survivors (2048K)
 Metaspace       used 30345K, committed 30656K, reserved 1081344K
  class space    used 3496K, committed 3648K, reserved 1048576K
}
Event: 7.246 GC heap after
{Heap after GC invocations=8 (full 0):
 garbage-first heap   total 37888K, used 13139K [0x00000000c4a00000, 0x0000000100000000)
  region size 1024K, 3 young (3072K), 3 survivors (3072K)
 Metaspace       used 30345K, committed 30656K, reserved 1081344K
  class space    used 3496K, committed 3648K, reserved 1048576K
}
Event: 8.191 GC heap before
{Heap before GC invocations=8 (full 0):
 garbage-first heap   total 37888K, used 28499K [0x00000000c4a00000, 0x0000000100000000)
  region size 1024K, 18 young (18432K), 3 survivors (3072K)
 Metaspace       used 34323K, committed 34688K, reserved 1081344K
  class space    used 3999K, committed 4160K, reserved 1048576K
}
Event: 8.198 GC heap after
{Heap after GC invocations=9 (full 0):
 garbage-first heap   total 37888K, used 14960K [0x00000000c4a00000, 0x0000000100000000)
  region size 1024K, 3 young (3072K), 3 survivors (3072K)
 Metaspace       used 34323K, committed 34688K, reserved 1081344K
  class space    used 3999K, committed 4160K, reserved 1048576K
}
Event: 8.593 GC heap before
{Heap before GC invocations=9 (full 0):
 garbage-first heap   total 37888K, used 23152K [0x00000000c4a00000, 0x0000000100000000)
  region size 1024K, 12 young (12288K), 3 survivors (3072K)
 Metaspace       used 35724K, committed 36096K, reserved 1081344K
  class space    used 4171K, committed 4352K, reserved 1048576K
}
Event: 8.602 GC heap after
{Heap after GC invocations=10 (full 0):
 garbage-first heap   total 37888K, used 16154K [0x00000000c4a00000, 0x0000000100000000)
  region size 1024K, 2 young (2048K), 2 survivors (2048K)
 Metaspace       used 35724K, committed 36096K, reserved 1081344K
  class space    used 4171K, committed 4352K, reserved 1048576K
}
Event: 9.144 GC heap before
{Heap before GC invocations=11 (full 0):
 garbage-first heap   total 37888K, used 28442K [0x00000000c4a00000, 0x0000000100000000)
  region size 1024K, 14 young (14336K), 2 survivors (2048K)
 Metaspace       used 38008K, committed 38464K, reserved 1089536K
  class space    used 4473K, committed 4672K, reserved 1048576K
}
Event: 9.149 GC heap after
{Heap after GC invocations=12 (full 0):
 garbage-first heap   total 37888K, used 16757K [0x00000000c4a00000, 0x0000000100000000)
  region size 1024K, 2 young (2048K), 2 survivors (2048K)
 Metaspace       used 38008K, committed 38464K, reserved 1089536K
  class space    used 4473K, committed 4672K, reserved 1048576K
}
Event: 9.854 GC heap before
{Heap before GC invocations=12 (full 0):
 garbage-first heap   total 37888K, used 29045K [0x00000000c4a00000, 0x0000000100000000)
  region size 1024K, 14 young (14336K), 2 survivors (2048K)
 Metaspace       used 41189K, committed 41664K, reserved 1089536K
  class space    used 5006K, committed 5248K, reserved 1048576K
}
Event: 9.857 GC heap after
{Heap after GC invocations=13 (full 0):
 garbage-first heap   total 37888K, used 17317K [0x00000000c4a00000, 0x0000000100000000)
  region size 1024K, 2 young (2048K), 2 survivors (2048K)
 Metaspace       used 41189K, committed 41664K, reserved 1089536K
  class space    used 5006K, committed 5248K, reserved 1048576K
}
Event: 10.591 GC heap before
{Heap before GC invocations=13 (full 0):
 garbage-first heap   total 37888K, used 28581K [0x00000000c4a00000, 0x0000000100000000)
  region size 1024K, 14 young (14336K), 2 survivors (2048K)
 Metaspace       used 47412K, committed 47872K, reserved 1097728K
  class space    used 5731K, committed 5952K, reserved 1048576K
}
Event: 10.597 GC heap after
{Heap after GC invocations=14 (full 0):
 garbage-first heap   total 37888K, used 18794K [0x00000000c4a00000, 0x0000000100000000)
  region size 1024K, 2 young (2048K), 2 survivors (2048K)
 Metaspace       used 47412K, committed 47872K, reserved 1097728K
  class space    used 5731K, committed 5952K, reserved 1048576K
}
Event: 11.087 GC heap before
{Heap before GC invocations=14 (full 0):
 garbage-first heap   total 37888K, used 28010K [0x00000000c4a00000, 0x0000000100000000)
  region size 1024K, 12 young (12288K), 2 survivors (2048K)
 Metaspace       used 50535K, committed 50944K, reserved 1097728K
  class space    used 6138K, committed 6336K, reserved 1048576K
}
Event: 11.092 GC heap after
{Heap after GC invocations=15 (full 0):
 garbage-first heap   total 37888K, used 19663K [0x00000000c4a00000, 0x0000000100000000)
  region size 1024K, 1 young (1024K), 1 survivors (1024K)
 Metaspace       used 50535K, committed 50944K, reserved 1097728K
  class space    used 6138K, committed 6336K, reserved 1048576K
}
Event: 11.524 GC heap before
{Heap before GC invocations=16 (full 0):
 garbage-first heap   total 37888K, used 29903K [0x00000000c4a00000, 0x0000000100000000)
  region size 1024K, 11 young (11264K), 1 survivors (1024K)
 Metaspace       used 52702K, committed 53120K, reserved 1097728K
  class space    used 6444K, committed 6656K, reserved 1048576K
}
Event: 11.528 GC heap after
{Heap after GC invocations=17 (full 0):
 garbage-first heap   total 46080K, used 20290K [0x00000000c4a00000, 0x0000000100000000)
  region size 1024K, 2 young (2048K), 2 survivors (2048K)
 Metaspace       used 52702K, committed 53120K, reserved 1097728K
  class space    used 6444K, committed 6656K, reserved 1048576K
}
Event: 12.293 GC heap before
{Heap before GC invocations=17 (full 0):
 garbage-first heap   total 46080K, used 34626K [0x00000000c4a00000, 0x0000000100000000)
  region size 1024K, 17 young (17408K), 2 survivors (2048K)
 Metaspace       used 57521K, committed 57920K, reserved 1105920K
  class space    used 7271K, committed 7488K, reserved 1048576K
}
Event: 12.299 GC heap after
{Heap after GC invocations=18 (full 0):
 garbage-first heap   total 46080K, used 21117K [0x00000000c4a00000, 0x0000000100000000)
  region size 1024K, 3 young (3072K), 3 survivors (3072K)
 Metaspace       used 57521K, committed 57920K, reserved 1105920K
  class space    used 7271K, committed 7488K, reserved 1048576K
}
Event: 12.997 GC heap before
{Heap before GC invocations=18 (full 0):
 garbage-first heap   total 46080K, used 34429K [0x00000000c4a00000, 0x0000000100000000)
  region size 1024K, 17 young (17408K), 3 survivors (3072K)
 Metaspace       used 60791K, committed 61184K, reserved 1105920K
  class space    used 7757K, committed 7936K, reserved 1048576K
}
Event: 13.004 GC heap after
{Heap after GC invocations=19 (full 0):
 garbage-first heap   total 46080K, used 21945K [0x00000000c4a00000, 0x0000000100000000)
  region size 1024K, 3 young (3072K), 3 survivors (3072K)
 Metaspace       used 60791K, committed 61184K, reserved 1105920K
  class space    used 7757K, committed 7936K, reserved 1048576K
}

